# JRE version: Java(TM) SE Runtime Environment (21.0.10+8) (build 21.0.10+8-LTS-217)
# Java VM: Java HotSpot(TM) 64-Bit Server VM (21.0.10+8-LTS-217, mixed mode, sharing, tiered, compressed oops, compressed class ptrs, g1 gc, windows-amd64)
GC Precious Log:
 CardTable entry size: 512
 Card Set container configuration: InlinePtr #cards 5 size 8 Array Of Cards #cards 12 size 40 Howl #buckets 4 coarsen threshold 1843 Howl Bitmap #cards 512 size 80 coarsen threshold 460 Card regions per heap region 1 cards per card region 2048
 CPUs: 8 total, 8 available
 Memory: 7941M
 Large Page Support: Disabled
 NUMA Support: Disabled
 Compressed Oops: Enabled (32-bit)
 Heap Region Size: 1M
 Heap Min Capacity: 8M
 Heap Initial Capacity: 126M
 Heap Max Capacity: 1986M
 Pre-touch: Disabled
 Parallel Workers: 8
 Concurrent Workers: 2
 Concurrent Refinement Workers: 8
 Periodic GC: Disabled
Heap:
 garbage-first heap   total 301056K, used 258708K [0x0000000083e00000, 0x0000000100000000)
  region size 1024K, 82 young (83968K), 9 survivors (9216K)
 Metaspace       used 56156K, committed 56576K, reserved 1114112K
  class space    used 6145K, committed 6336K, reserved 1048576K
GC Heap History (20 events):
Event: 12.036 GC heap before
{Heap before GC invocations=17 (full 0):
 garbage-first heap   total 162816K, used 134613K [0x0000000083e00000, 0x0000000100000000)
  region size 1024K, 40 young (40960K), 4 survivors (4096K)
 Metaspace       used 46648K, committed 46976K, reserved 1114112K
  class space    used 5355K, committed 5504K, reserved 1048576K
}
Event: 12.056 GC heap after
{Heap after GC invocations=18 (full 0):
 garbage-first heap   total 162816K, used 102792K [0x0000000083e00000, 0x0000000100000000)
  region size 1024K, 5 young (5120K), 5 survivors (5120K)
 Metaspace       used 46648K, committed 46976K, reserved 1114112K
  class space    used 5355K, committed 5504K, reserved 1048576K
}
Event: 12.377 GC heap before
{Heap before GC invocations=18 (full 0):
 garbage-first heap   total 162816K, used 139656K [0x0000000083e00000, 0x0000000100000000)
  region size 1024K, 41 young (41984K), 5 survivors (5120K)
 Metaspace       used 46940K, committed 47296K, reserved 1114112K
  class space    used 5360K, committed 5504K, reserved 1048576K
}
Event: 12.394 GC heap after
{Heap after GC invocations=19 (full 0):
 garbage-first heap   total 199680K, used 112450K [0x0000000083e00000, 0x0000000100000000)
  region size 1024K, 6 young (6144K), 6 survivors (6144K)
 Metaspace       used 46940K, committed 47296K, reserved 1114112K
  class space    used 5360K, committed 5504K, reserved 1048576K
}
Event: 14.060 GC heap before
{Heap before GC invocations=20 (full 0):
 garbage-first heap   total 199680K, used 165698K [0x0000000083e00000, 0x0000000100000000)
  region size 1024K, 58 young (59392K), 6 survivors (6144K)
 Metaspace       used 51278K, committed 51648K, reserved 1114112K
  class space    used 5824K, committed 6016K, reserved 1048576K
}
Event: 14.079 GC heap after
{Heap after GC invocations=21 (full 0):
 garbage-first heap   total 199680K, used 121188K [0x0000000083e00000, 0x0000000100000000)
  region size 1024K, 8 young (8192K), 8 survivors (8192K)
 Metaspace       used 51278K, committed 51648K, reserved 1114112K
  class space    used 5824K, committed 6016K, reserved 1048576K
}
Event: 15.918 GC heap before
{Heap before GC invocations=21 (full 0):
 garbage-first heap   total 199680K, used 170340K [0x0000000083e00000, 0x0000000100000000)
  region size 1024K, 56 young (57344K), 8 survivors (8192K)
 Metaspace       used 52752K, committed 53120K, reserved 1114112K
  class space    used 5884K, committed 6080K, reserved 1048576K
}
Event: 15.942 GC heap after
{Heap after GC invocations=22 (full 0):
 garbage-first heap   total 199680K, used 127488K [0x0000000083e00000, 0x0000000100000000)
  region size 1024K, 7 young (7168K), 7 survivors (7168K)
 Metaspace       used 52752K, committed 53120K, reserved 1114112K
  class space    used 5884K, committed 6080K, reserved 1048576K
}
Event: 16.141 GC heap before
{Heap before GC invocations=22 (full 0):
 garbage-first heap   total 199680K, used 173568K [0x0000000083e00000, 0x0000000100000000)
  region size 1024K, 52 young (53248K), 7 survivors (7168K)
 Metaspace       used 52752K, committed 53120K, reserved 1114112K
  class space    used 5884K, committed 6080K, reserved 1048576K
}
Event: 16.156 GC heap after
{Heap after GC invocations=23 (full 0):
 garbage-first heap   total 199680K, used 137728K [0x0000000083e00000, 0x0000000100000000)
  region size 1024K, 7 young (7168K), 7 survivors (7168K)
 Metaspace       used 52752K, committed 53120K, reserved 1114112K
  class space    used 5884K, committed 6080K, reserved 1048576K
}
Event: 16.504 GC heap before
{Heap before GC invocations=24 (full 0):
 garbage-first heap   total 278528K, used 176640K [0x0000000083e00000, 0x0000000100000000)
  region size 1024K, 45 young (46080K), 7 survivors (7168K)
 Metaspace       used 52753K, committed 53120K, reserved 1114112K
  class space    used 5885K, committed 6080K, reserved 1048576K
}
Event: 16.512 GC heap after
{Heap after GC invocations=25 (full 0):
 garbage-first heap   total 278528K, used 147250K [0x0000000083e00000, 0x0000000100000000)
  region size 1024K, 6 young (6144K), 6 survivors (6144K)
 Metaspace       used 52753K, committed 53120K, reserved 1114112K
  class space    used 5885K, committed 6080K, reserved 1048576K
}
Event: 18.968 GC heap before
{Heap before GC invocations=25 (full 0):
 garbage-first heap   total 278528K, used 233266K [0x0000000083e00000, 0x0000000100000000)
  region size 1024K, 90 young (92160K), 6 survivors (6144K)
 Metaspace       used 53945K, committed 54336K, reserved 1114112K
  class space    used 5959K, committed 6144K, reserved 1048576K
}
Event: 18.984 GC heap after
{Heap after GC invocations=26 (full 0):
 garbage-first heap   total 278528K, used 160660K [0x0000000083e00000, 0x0000000100000000)
  region size 1024K, 12 young (12288K), 12 survivors (12288K)
 Metaspace       used 53945K, committed 54336K, reserved 1114112K
  class space    used 5959K, committed 6144K, reserved 1048576K
}
Event: 21.085 GC heap before
{Heap before GC invocations=26 (full 0):
 garbage-first heap   total 278528K, used 232340K [0x0000000083e00000, 0x0000000100000000)
  region size 1024K, 82 young (83968K), 12 survivors (12288K)
 Metaspace       used 54864K, committed 55168K, reserved 1114112K
  class space    used 6044K, committed 6208K, reserved 1048576K
}
Event: 21.100 GC heap after
{Heap after GC invocations=27 (full 0):
 garbage-first heap   total 278528K, used 169602K [0x0000000083e00000, 0x0000000100000000)
  region size 1024K, 8 young (8192K), 8 survivors (8192K)
 Metaspace       used 54864K, committed 55168K, reserved 1114112K
  class space    used 6044K, committed 6208K, reserved 1048576K
}
Event: 23.332 GC heap before
{Heap before GC invocations=27 (full 0):
 garbage-first heap   total 278528K, used 241282K [0x0000000083e00000, 0x0000000100000000)
  region size 1024K, 78 young (79872K), 8 survivors (8192K)
 Metaspace       used 55559K, committed 55936K, reserved 1114112K
  class space    used 6107K, committed 6272K, reserved 1048576K
}
Event: 23.348 GC heap after
{Heap after GC invocations=28 (full 0):
 garbage-first heap   total 278528K, used 177412K [0x0000000083e00000, 0x0000000100000000)
  region size 1024K, 9 young (9216K), 9 survivors (9216K)
 Metaspace       used 55559K, committed 55936K, reserved 1114112K
  class space    used 6107K, committed 6272K, reserved 1048576K
}
Event: 25.208 GC heap before
{Heap before GC invocations=29 (full 0):
 garbage-first heap   total 301056K, used 246020K [0x0000000083e00000, 0x0000000100000000)
  region size 1024K, 77 young (78848K), 9 survivors (9216K)
 Metaspace       used 55959K, committed 56320K, reserved 1114112K
  class space    used 6131K, committed 6272K, reserved 1048576K
}
Event: 25.221 GC heap after
{Heap after GC invocations=30 (full 0):
 garbage-first heap   total 301056K, used 184980K [0x0000000083e00000, 0x0000000100000000)
  region size 1024K, 9 young (9216K), 9 survivors (9216K)
 Metaspace       used 55959K, committed 56320K, reserved 1114112K
  class space    used 6131K, committed 6272K, reserved 1048576K
}

