# JRE version: Java(TM) SE Runtime Environment (21.0.10+8) (build 21.0.10+8-LTS-217)
# Java VM: Java HotSpot(TM) 64-Bit Server VM (21.0.10+8-LTS-217, mixed mode, sharing, tiered, compressed oops, compressed class ptrs, g1 gc, windows-amd64)
GC Precious Log:
 CardTable entry size: 512
 Card Set container configuration: InlinePtr #cards 5 size 8 Array Of Cards #cards 12 size 40 Howl #buckets 4 coarsen threshold 1843 Howl Bitmap #cards 512 size 80 coarsen threshold 460 Card regions per heap region 1 cards per card region 2048
 CPUs: 8 total, 8 available
 Memory: 7941M
 Large Page Support: Disabled
 NUMA Support: Disabled
 Compressed Oops: Enabled (32-bit)
 Heap Region Size: 1M
 Heap Min Capacity: 8M
 Heap Initial Capacity: 126M
 Heap Max Capacity: 2G
 Pre-touch: Disabled
 Parallel Workers: 8
 Concurrent Workers: 2
 Concurrent Refinement Workers: 8
 Periodic GC: Disabled
Heap:
 garbage-first heap   total 121856K, used 79173K [0x0000000080000000, 0x0000000100000000)
  region size 1024K, 11 young (11264K), 2 survivors (2048K)
 Metaspace       used 64465K, committed 66432K, reserved 1114112K
  class space    used 8865K, committed 9856K, reserved 1048576K
GC Heap History (20 events):
Event: 49.821 GC heap before
{Heap before GC invocations=11 (full 0):
 garbage-first heap   total 100352K, used 87265K [0x0000000080000000, 0x0000000100000000)
  region size 1024K, 57 young (58368K), 6 survivors (6144K)
 Metaspace       used 48237K, committed 49856K, reserved 1114112K
  class space    used 6791K, committed 7616K, reserved 1048576K
}
Event: 49.833 GC heap after
{Heap after GC invocations=12 (full 0):
 garbage-first heap   total 100352K, used 37460K [0x0000000080000000, 0x0000000100000000)
  region size 1024K, 7 young (7168K), 7 survivors (7168K)
 Metaspace       used 48237K, committed 49856K, reserved 1114112K
  class space    used 6791K, committed 7616K, reserved 1048576K
}
Event: 58.147 GC heap before
{Heap before GC invocations=12 (full 0):
 garbage-first heap   total 100352K, used 86612K [0x0000000080000000, 0x0000000100000000)
  region size 1024K, 55 young (56320K), 7 survivors (7168K)
 Metaspace       used 53962K, committed 55680K, reserved 1114112K
  class space    used 7652K, committed 8512K, reserved 1048576K
}
Event: 58.170 GC heap after
{Heap after GC invocations=13 (full 0):
 garbage-first heap   total 100352K, used 41864K [0x0000000080000000, 0x0000000100000000)
  region size 1024K, 7 young (7168K), 7 survivors (7168K)
 Metaspace       used 53962K, committed 55680K, reserved 1114112K
  class space    used 7652K, committed 8512K, reserved 1048576K
}
Event: 62.221 GC heap before
{Heap before GC invocations=13 (full 0):
 garbage-first heap   total 100352K, used 84872K [0x0000000080000000, 0x0000000100000000)
  region size 1024K, 50 young (51200K), 7 survivors (7168K)
 Metaspace       used 55127K, committed 56896K, reserved 1114112K
  class space    used 7758K, committed 8640K, reserved 1048576K
}
Event: 62.236 GC heap after
{Heap after GC invocations=14 (full 0):
 garbage-first heap   total 100352K, used 46078K [0x0000000080000000, 0x0000000100000000)
  region size 1024K, 6 young (6144K), 6 survivors (6144K)
 Metaspace       used 55127K, committed 56896K, reserved 1114112K
  class space    used 7758K, committed 8640K, reserved 1048576K
}
Event: 63.304 GC heap before
{Heap before GC invocations=14 (full 0):
 garbage-first heap   total 100352K, used 87038K [0x0000000080000000, 0x0000000100000000)
  region size 1024K, 47 young (48128K), 6 survivors (6144K)
 Metaspace       used 55594K, committed 57408K, reserved 1114112K
  class space    used 7785K, committed 8704K, reserved 1048576K
}
Event: 63.312 GC heap after
{Heap after GC invocations=15 (full 0):
 garbage-first heap   total 100352K, used 47367K [0x0000000080000000, 0x0000000100000000)
  region size 1024K, 4 young (4096K), 4 survivors (4096K)
 Metaspace       used 55594K, committed 57408K, reserved 1114112K
  class space    used 7785K, committed 8704K, reserved 1048576K
}
Event: 64.174 GC heap before
{Heap before GC invocations=15 (full 0):
 garbage-first heap   total 100352K, used 87303K [0x0000000080000000, 0x0000000100000000)
  region size 1024K, 44 young (45056K), 4 survivors (4096K)
 Metaspace       used 55688K, committed 57472K, reserved 1114112K
  class space    used 7785K, committed 8704K, reserved 1048576K
}
Event: 64.179 GC heap after
{Heap after GC invocations=16 (full 0):
 garbage-first heap   total 100352K, used 48154K [0x0000000080000000, 0x0000000100000000)
  region size 1024K, 4 young (4096K), 4 survivors (4096K)
 Metaspace       used 55688K, committed 57472K, reserved 1114112K
  class space    used 7785K, committed 8704K, reserved 1048576K
}
Event: 64.807 GC heap before
{Heap before GC invocations=16 (full 0):
 garbage-first heap   total 100352K, used 88090K [0x0000000080000000, 0x0000000100000000)
  region size 1024K, 44 young (45056K), 4 survivors (4096K)
 Metaspace       used 55701K, committed 57472K, reserved 1114112K
  class space    used 7785K, committed 8704K, reserved 1048576K
}
Event: 64.812 GC heap after
{Heap after GC invocations=17 (full 0):
 garbage-first heap   total 100352K, used 49243K [0x0000000080000000, 0x0000000100000000)
  region size 1024K, 5 young (5120K), 5 survivors (5120K)
 Metaspace       used 55701K, committed 57472K, reserved 1114112K
  class space    used 7785K, committed 8704K, reserved 1048576K
}
Event: 65.225 GC heap before
{Heap before GC invocations=17 (full 0):
 garbage-first heap   total 100352K, used 60507K [0x0000000080000000, 0x0000000100000000)
  region size 1024K, 17 young (17408K), 5 survivors (5120K)
 Metaspace       used 55915K, committed 57664K, reserved 1114112K
  class space    used 7810K, committed 8704K, reserved 1048576K
}
Event: 65.231 GC heap after
{Heap after GC invocations=18 (full 0):
 garbage-first heap   total 100352K, used 49940K [0x0000000080000000, 0x0000000100000000)
  region size 1024K, 4 young (4096K), 4 survivors (4096K)
 Metaspace       used 55915K, committed 57664K, reserved 1114112K
  class space    used 7810K, committed 8704K, reserved 1048576K
}
Event: 67.616 GC heap before
{Heap before GC invocations=19 (full 0):
 garbage-first heap   total 100352K, used 99092K [0x0000000080000000, 0x0000000100000000)
  region size 1024K, 39 young (39936K), 4 survivors (4096K)
 Metaspace       used 57957K, committed 59840K, reserved 1114112K
  class space    used 8092K, committed 9024K, reserved 1048576K
}
Event: 67.629 GC heap after
{Heap after GC invocations=20 (full 0):
 garbage-first heap   total 111616K, used 70298K [0x0000000080000000, 0x0000000100000000)
  region size 1024K, 5 young (5120K), 5 survivors (5120K)
 Metaspace       used 57957K, committed 59840K, reserved 1114112K
  class space    used 8092K, committed 9024K, reserved 1048576K
}
Event: 69.675 GC heap before
{Heap before GC invocations=20 (full 0):
 garbage-first heap   total 111616K, used 96922K [0x0000000080000000, 0x0000000100000000)
  region size 1024K, 32 young (32768K), 5 survivors (5120K)
 Metaspace       used 60683K, committed 62528K, reserved 1114112K
  class space    used 8381K, committed 9280K, reserved 1048576K
}
Event: 69.681 GC heap after
{Heap after GC invocations=21 (full 0):
 garbage-first heap   total 111616K, used 70205K [0x0000000080000000, 0x0000000100000000)
  region size 1024K, 2 young (2048K), 2 survivors (2048K)
 Metaspace       used 60683K, committed 62528K, reserved 1114112K
  class space    used 8381K, committed 9280K, reserved 1048576K
}
Event: 71.999 GC heap before
{Heap before GC invocations=21 (full 0):
 garbage-first heap   total 111616K, used 97853K [0x0000000080000000, 0x0000000100000000)
  region size 1024K, 30 young (30720K), 2 survivors (2048K)
 Metaspace       used 63561K, committed 65408K, reserved 1114112K
  class space    used 8700K, committed 9600K, reserved 1048576K
}
Event: 72.007 GC heap after
{Heap after GC invocations=22 (full 0):
 garbage-first heap   total 111616K, used 70981K [0x0000000080000000, 0x0000000100000000)
  region size 1024K, 2 young (2048K), 2 survivors (2048K)
 Metaspace       used 63561K, committed 65408K, reserved 1114112K
  class space    used 8700K, committed 9600K, reserved 1048576K
}

