# JRE version: Java(TM) SE Runtime Environment (21.0.10+8) (build 21.0.10+8-LTS-217)
# Java VM: Java HotSpot(TM) 64-Bit Server VM (21.0.10+8-LTS-217, mixed mode, sharing, tiered, compressed oops, compressed class ptrs, g1 gc, windows-amd64)
GC Precious Log:
 CardTable entry size: 512
 Card Set container configuration: InlinePtr #cards 5 size 8 Array Of Cards #cards 12 size 40 Howl #buckets 4 coarsen threshold 1843 Howl Bitmap #cards 512 size 80 coarsen threshold 460 Card regions per heap region 1 cards per card region 2048
 CPUs: 8 total, 8 available
 Memory: 7941M
 Large Page Support: Disabled
 NUMA Support: Disabled
 Compressed Oops: Enabled (32-bit)
 Heap Region Size: 1M
 Heap Min Capacity: 8M
 Heap Initial Capacity: 126M
 Heap Max Capacity: 1986M
 Pre-touch: Disabled
 Parallel Workers: 8
 Concurrent Workers: 2
 Concurrent Refinement Workers: 8
 Periodic GC: Disabled
Heap:
 garbage-first heap   total 355328K, used 244736K [0x0000000083e00000, 0x0000000100000000)
  region size 1024K, 57 young (58368K), 12 survivors (12288K)
 Metaspace       used 55732K, committed 56064K, reserved 1114112K
  class space    used 6125K, committed 6272K, reserved 1048576K
GC Heap History (20 events):
Event: 23.443 GC heap before
{Heap before GC invocations=21 (full 0):
 garbage-first heap   total 215040K, used 146356K [0x0000000083e00000, 0x0000000100000000)
  region size 1024K, 38 young (38912K), 6 survivors (6144K)
 Metaspace       used 51672K, committed 52032K, reserved 1114112K
  class space    used 5852K, committed 6016K, reserved 1048576K
}
Event: 23.455 GC heap after
{Heap after GC invocations=22 (full 0):
 garbage-first heap   total 215040K, used 121764K [0x0000000083e00000, 0x0000000100000000)
  region size 1024K, 5 young (5120K), 5 survivors (5120K)
 Metaspace       used 51672K, committed 52032K, reserved 1114112K
  class space    used 5852K, committed 6016K, reserved 1048576K
}
Event: 24.021 GC heap before
{Heap before GC invocations=22 (full 0):
 garbage-first heap   total 215040K, used 181156K [0x0000000083e00000, 0x0000000100000000)
  region size 1024K, 63 young (64512K), 5 survivors (5120K)
 Metaspace       used 51672K, committed 52032K, reserved 1114112K
  class space    used 5852K, committed 6016K, reserved 1048576K
}
Event: 24.030 GC heap after
{Heap after GC invocations=23 (full 0):
 garbage-first heap   total 215040K, used 134954K [0x0000000083e00000, 0x0000000100000000)
  region size 1024K, 8 young (8192K), 8 survivors (8192K)
 Metaspace       used 51672K, committed 52032K, reserved 1114112K
  class space    used 5852K, committed 6016K, reserved 1048576K
}
Event: 26.162 GC heap before
{Heap before GC invocations=23 (full 0):
 garbage-first heap   total 215040K, used 186154K [0x0000000083e00000, 0x0000000100000000)
  region size 1024K, 58 young (59392K), 8 survivors (8192K)
 Metaspace       used 53103K, committed 53504K, reserved 1114112K
  class space    used 5922K, committed 6080K, reserved 1048576K
}
Event: 26.178 GC heap after
{Heap after GC invocations=24 (full 0):
 garbage-first heap   total 215040K, used 144250K [0x0000000083e00000, 0x0000000100000000)
  region size 1024K, 8 young (8192K), 8 survivors (8192K)
 Metaspace       used 53103K, committed 53504K, reserved 1114112K
  class space    used 5922K, committed 6080K, reserved 1048576K
}
Event: 28.455 GC heap before
{Heap before GC invocations=24 (full 0):
 garbage-first heap   total 215040K, used 189306K [0x0000000083e00000, 0x0000000100000000)
  region size 1024K, 52 young (53248K), 8 survivors (8192K)
 Metaspace       used 54288K, committed 54656K, reserved 1114112K
  class space    used 6049K, committed 6208K, reserved 1048576K
}
Event: 28.481 GC heap after
{Heap after GC invocations=25 (full 0):
 garbage-first heap   total 215040K, used 152295K [0x0000000083e00000, 0x0000000100000000)
  region size 1024K, 7 young (7168K), 7 survivors (7168K)
 Metaspace       used 54288K, committed 54656K, reserved 1114112K
  class space    used 6049K, committed 6208K, reserved 1048576K
}
Event: 32.231 GC heap before
{Heap before GC invocations=26 (full 0):
 garbage-first heap   total 256000K, used 192231K [0x0000000083e00000, 0x0000000100000000)
  region size 1024K, 47 young (48128K), 7 survivors (7168K)
 Metaspace       used 54852K, committed 55232K, reserved 1114112K
  class space    used 6098K, committed 6272K, reserved 1048576K
}
Event: 32.248 GC heap after
{Heap after GC invocations=27 (full 0):
 garbage-first heap   total 256000K, used 156905K [0x0000000083e00000, 0x0000000100000000)
  region size 1024K, 5 young (5120K), 5 survivors (5120K)
 Metaspace       used 54852K, committed 55232K, reserved 1114112K
  class space    used 6098K, committed 6272K, reserved 1048576K
}
Event: 34.915 GC heap before
{Heap before GC invocations=27 (full 0):
 garbage-first heap   total 256000K, used 222441K [0x0000000083e00000, 0x0000000100000000)
  region size 1024K, 69 young (70656K), 5 survivors (5120K)
 Metaspace       used 55136K, committed 55488K, reserved 1114112K
  class space    used 6105K, committed 6272K, reserved 1048576K
}
Event: 34.929 GC heap after
{Heap after GC invocations=28 (full 0):
 garbage-first heap   total 256000K, used 162261K [0x0000000083e00000, 0x0000000100000000)
  region size 1024K, 9 young (9216K), 9 survivors (9216K)
 Metaspace       used 55136K, committed 55488K, reserved 1114112K
  class space    used 6105K, committed 6272K, reserved 1048576K
}
Event: 37.454 GC heap before
{Heap before GC invocations=28 (full 0):
 garbage-first heap   total 256000K, used 225749K [0x0000000083e00000, 0x0000000100000000)
  region size 1024K, 71 young (72704K), 9 survivors (9216K)
 Metaspace       used 55407K, committed 55744K, reserved 1114112K
  class space    used 6116K, committed 6272K, reserved 1048576K
}
Event: 37.470 GC heap after
{Heap after GC invocations=29 (full 0):
 garbage-first heap   total 256000K, used 169499K [0x0000000083e00000, 0x0000000100000000)
  region size 1024K, 7 young (7168K), 7 survivors (7168K)
 Metaspace       used 55407K, committed 55744K, reserved 1114112K
  class space    used 6116K, committed 6272K, reserved 1048576K
}
Event: 41.269 GC heap before
{Heap before GC invocations=30 (full 0):
 garbage-first heap   total 288768K, used 229915K [0x0000000083e00000, 0x0000000100000000)
  region size 1024K, 66 young (67584K), 7 survivors (7168K)
 Metaspace       used 55620K, committed 56000K, reserved 1114112K
  class space    used 6124K, committed 6272K, reserved 1048576K
}
Event: 41.281 GC heap after
{Heap after GC invocations=31 (full 0):
 garbage-first heap   total 288768K, used 174080K [0x0000000083e00000, 0x0000000100000000)
  region size 1024K, 4 young (4096K), 4 survivors (4096K)
 Metaspace       used 55620K, committed 56000K, reserved 1114112K
  class space    used 6124K, committed 6272K, reserved 1048576K
}
Event: 43.292 GC heap before
{Heap before GC invocations=31 (full 0):
 garbage-first heap   total 288768K, used 257024K [0x0000000083e00000, 0x0000000100000000)
  region size 1024K, 85 young (87040K), 4 survivors (4096K)
 Metaspace       used 55682K, committed 56064K, reserved 1114112K
  class space    used 6124K, committed 6272K, reserved 1048576K
}
Event: 43.306 GC heap after
{Heap after GC invocations=32 (full 0):
 garbage-first heap   total 288768K, used 181248K [0x0000000083e00000, 0x0000000100000000)
  region size 1024K, 11 young (11264K), 11 survivors (11264K)
 Metaspace       used 55682K, committed 56064K, reserved 1114112K
  class space    used 6124K, committed 6272K, reserved 1048576K
}
Event: 43.802 GC heap before
{Heap before GC invocations=32 (full 0):
 garbage-first heap   total 288768K, used 262144K [0x0000000083e00000, 0x0000000100000000)
  region size 1024K, 90 young (92160K), 11 survivors (11264K)
 Metaspace       used 55682K, committed 56064K, reserved 1114112K
  class space    used 6124K, committed 6272K, reserved 1048576K
}
Event: 43.817 GC heap after
{Heap after GC invocations=33 (full 0):
 garbage-first heap   total 291840K, used 199680K [0x0000000083e00000, 0x0000000100000000)
  region size 1024K, 12 young (12288K), 12 survivors (12288K)
 Metaspace       used 55682K, committed 56064K, reserved 1114112K
  class space    used 6124K, committed 6272K, reserved 1048576K
}

