# JRE version: Java(TM) SE Runtime Environment (21.0.10+8) (build 21.0.10+8-LTS-217)
# Java VM: Java HotSpot(TM) 64-Bit Server VM (21.0.10+8-LTS-217, mixed mode, sharing, tiered, compressed oops, compressed class ptrs, g1 gc, windows-amd64)
GC Precious Log:
 CardTable entry size: 512
 Card Set container configuration: InlinePtr #cards 5 size 8 Array Of Cards #cards 12 size 40 Howl #buckets 4 coarsen threshold 1843 Howl Bitmap #cards 512 size 80 coarsen threshold 460 Card regions per heap region 1 cards per card region 2048
 CPUs: 8 total, 8 available
 Memory: 7941M
 Large Page Support: Disabled
 NUMA Support: Disabled
 Compressed Oops: Enabled (32-bit)
 Heap Region Size: 1M
 Heap Min Capacity: 8M
 Heap Initial Capacity: 126M
 Heap Max Capacity: 1986M
 Pre-touch: Disabled
 Parallel Workers: 8
 Concurrent Workers: 2
 Concurrent Refinement Workers: 8
 Periodic GC: Disabled
Heap:
 garbage-first heap   total 285696K, used 163209K [0x0000000083e00000, 0x0000000100000000)
  region size 1024K, 2 young (2048K), 2 survivors (2048K)
 Metaspace       used 54878K, committed 55232K, reserved 1114112K
  class space    used 6089K, committed 6272K, reserved 1048576K
GC Heap History (20 events):
Event: 16.604 GC heap after
{Heap after GC invocations=14 (full 0):
 garbage-first heap   total 184320K, used 100864K [0x0000000083e00000, 0x0000000100000000)
  region size 1024K, 9 young (9216K), 9 survivors (9216K)
 Metaspace       used 53296K, committed 53632K, reserved 1114112K
  class space    used 6009K, committed 6144K, reserved 1048576K
}
Event: 17.266 GC heap before
{Heap before GC invocations=14 (full 0):
 garbage-first heap   total 184320K, used 154112K [0x0000000083e00000, 0x0000000100000000)
  region size 1024K, 61 young (62464K), 9 survivors (9216K)
 Metaspace       used 53555K, committed 53952K, reserved 1114112K
  class space    used 6013K, committed 6208K, reserved 1048576K
}
Event: 17.281 GC heap after
{Heap after GC invocations=15 (full 0):
 garbage-first heap   total 184320K, used 111616K [0x0000000083e00000, 0x0000000100000000)
  region size 1024K, 8 young (8192K), 8 survivors (8192K)
 Metaspace       used 53555K, committed 53952K, reserved 1114112K
  class space    used 6013K, committed 6208K, reserved 1048576K
}
Event: 17.407 GC heap before
{Heap before GC invocations=15 (full 0):
 garbage-first heap   total 184320K, used 158720K [0x0000000083e00000, 0x0000000100000000)
  region size 1024K, 54 young (55296K), 8 survivors (8192K)
 Metaspace       used 53555K, committed 53952K, reserved 1114112K
  class space    used 6013K, committed 6208K, reserved 1048576K
}
Event: 17.416 GC heap after
{Heap after GC invocations=16 (full 0):
 garbage-first heap   total 184320K, used 122368K [0x0000000083e00000, 0x0000000100000000)
  region size 1024K, 7 young (7168K), 7 survivors (7168K)
 Metaspace       used 53555K, committed 53952K, reserved 1114112K
  class space    used 6013K, committed 6208K, reserved 1048576K
}
Event: 17.548 GC heap before
{Heap before GC invocations=17 (full 0):
 garbage-first heap   total 209920K, used 161280K [0x0000000083e00000, 0x0000000100000000)
  region size 1024K, 46 young (47104K), 7 survivors (7168K)
 Metaspace       used 53555K, committed 53952K, reserved 1114112K
  class space    used 6013K, committed 6208K, reserved 1048576K
}
Event: 17.555 GC heap after
{Heap after GC invocations=18 (full 0):
 garbage-first heap   total 209920K, used 131072K [0x0000000083e00000, 0x0000000100000000)
  region size 1024K, 6 young (6144K), 6 survivors (6144K)
 Metaspace       used 53555K, committed 53952K, reserved 1114112K
  class space    used 6013K, committed 6208K, reserved 1048576K
}
Event: 18.619 GC heap before
{Heap before GC invocations=18 (full 0):
 garbage-first heap   total 209920K, used 182272K [0x0000000083e00000, 0x0000000100000000)
  region size 1024K, 56 young (57344K), 6 survivors (6144K)
 Metaspace       used 53904K, committed 54272K, reserved 1114112K
  class space    used 6040K, committed 6208K, reserved 1048576K
}
Event: 18.632 GC heap after
{Heap after GC invocations=19 (full 0):
 garbage-first heap   total 285696K, used 137712K [0x0000000083e00000, 0x0000000100000000)
  region size 1024K, 7 young (7168K), 7 survivors (7168K)
 Metaspace       used 53904K, committed 54272K, reserved 1114112K
  class space    used 6040K, committed 6208K, reserved 1048576K
}
Event: 21.360 GC heap before
{Heap before GC invocations=19 (full 0):
 garbage-first heap   total 285696K, used 237040K [0x0000000083e00000, 0x0000000100000000)
  region size 1024K, 104 young (106496K), 7 survivors (7168K)
 Metaspace       used 54616K, committed 54976K, reserved 1114112K
  class space    used 6078K, committed 6272K, reserved 1048576K
}
Event: 21.375 GC heap after
{Heap after GC invocations=20 (full 0):
 garbage-first heap   total 285696K, used 147703K [0x0000000083e00000, 0x0000000100000000)
  region size 1024K, 10 young (10240K), 10 survivors (10240K)
 Metaspace       used 54616K, committed 54976K, reserved 1114112K
  class space    used 6078K, committed 6272K, reserved 1048576K
}
Event: 22.957 GC heap before
{Heap before GC invocations=21 (full 0):
 garbage-first heap   total 285696K, used 241911K [0x0000000083e00000, 0x0000000100000000)
  region size 1024K, 102 young (104448K), 10 survivors (10240K)
 Metaspace       used 54875K, committed 55232K, reserved 1114112K
  class space    used 6089K, committed 6272K, reserved 1048576K
}
Event: 23.851 GC heap after
{Heap after GC invocations=22 (full 0):
 garbage-first heap   total 285696K, used 155920K [0x0000000083e00000, 0x0000000100000000)
  region size 1024K, 9 young (9216K), 9 survivors (9216K)
 Metaspace       used 54875K, committed 55232K, reserved 1114112K
  class space    used 6089K, committed 6272K, reserved 1048576K
}
Event: 23.864 GC heap before
{Heap before GC invocations=22 (full 0):
 garbage-first heap   total 285696K, used 160016K [0x0000000083e00000, 0x0000000100000000)
  region size 1024K, 13 young (13312K), 9 survivors (9216K)
 Metaspace       used 54878K, committed 55232K, reserved 1114112K
  class space    used 6089K, committed 6272K, reserved 1048576K
}
Event: 23.868 GC heap after
{Heap after GC invocations=23 (full 0):
 garbage-first heap   total 285696K, used 156706K [0x0000000083e00000, 0x0000000100000000)
  region size 1024K, 2 young (2048K), 2 survivors (2048K)
 Metaspace       used 54878K, committed 55232K, reserved 1114112K
  class space    used 6089K, committed 6272K, reserved 1048576K
}
Event: 23.883 GC heap before
{Heap before GC invocations=23 (full 0):
 garbage-first heap   total 285696K, used 167970K [0x0000000083e00000, 0x0000000100000000)
  region size 1024K, 13 young (13312K), 2 survivors (2048K)
 Metaspace       used 54878K, committed 55232K, reserved 1114112K
  class space    used 6089K, committed 6272K, reserved 1048576K
}
Event: 23.885 GC heap after
{Heap after GC invocations=24 (full 0):
 garbage-first heap   total 285696K, used 158224K [0x0000000083e00000, 0x0000000100000000)
  region size 1024K, 2 young (2048K), 2 survivors (2048K)
 Metaspace       used 54878K, committed 55232K, reserved 1114112K
  class space    used 6089K, committed 6272K, reserved 1048576K
}
Event: 23.900 GC heap before
{Heap before GC invocations=24 (full 0):
 garbage-first heap   total 285696K, used 169488K [0x0000000083e00000, 0x0000000100000000)
  region size 1024K, 13 young (13312K), 2 survivors (2048K)
 Metaspace       used 54878K, committed 55232K, reserved 1114112K
  class space    used 6089K, committed 6272K, reserved 1048576K
}
Event: 23.903 GC heap after
{Heap after GC invocations=25 (full 0):
 garbage-first heap   total 285696K, used 160502K [0x0000000083e00000, 0x0000000100000000)
  region size 1024K, 2 young (2048K), 2 survivors (2048K)
 Metaspace       used 54878K, committed 55232K, reserved 1114112K
  class space    used 6089K, committed 6272K, reserved 1048576K
}
Event: 23.915 GC heap before
{Heap before GC invocations=25 (full 0):
 garbage-first heap   total 285696K, used 171766K [0x0000000083e00000, 0x0000000100000000)
  region size 1024K, 13 young (13312K), 2 survivors (2048K)
 Metaspace       used 54878K, committed 55232K, reserved 1114112K
  class space    used 6089K, committed 6272K, reserved 1048576K
}

